<?xml version="1.0" encoding="UTF-8"?>
<robot generator="Robot 3.1.2 (Python 3.8.2 on win32)" generated="20200407 07:22:22.233" rpa="false">
<suite id="s1" name="Login Form" source="C:\qaninja\robot\web\tests\login_form.robot">
<test id="s1-t1" name="Login com sucesso">
<kw name="Nova sessão" library="base" type="setup">
<kw name="Open Browser" library="SeleniumLibrary">
<doc>Opens a new browser instance to the optional ``url``.</doc>
<arguments>
<arg>${url}</arg>
<arg>chrome</arg>
</arguments>
<msg timestamp="20200407 07:22:22.735" level="INFO">Opening browser 'chrome' to base url 'https://training-wheels-protocol.herokuapp.com/'.</msg>
<status status="PASS" starttime="20200407 07:22:22.734" endtime="20200407 07:22:30.678"></status>
</kw>
<status status="PASS" starttime="20200407 07:22:22.733" endtime="20200407 07:22:30.678"></status>
</kw>
<kw name="Go To" library="SeleniumLibrary">
<doc>Navigates the current browser window to the provided ``url``.</doc>
<arguments>
<arg>${url}/login</arg>
</arguments>
<msg timestamp="20200407 07:22:30.689" level="INFO">Opening url 'https://training-wheels-protocol.herokuapp.com//login'</msg>
<status status="PASS" starttime="20200407 07:22:30.688" endtime="20200407 07:22:31.304"></status>
</kw>
<kw name="Login With">
<arguments>
<arg>stark</arg>
<arg>jarvis!</arg>
</arguments>
<kw name="Input Text" library="SeleniumLibrary">
<doc>Types the given ``text`` into the text field identified by ``locator``.</doc>
<arguments>
<arg>css:input[name=username]</arg>
<arg>${uname}</arg>
</arguments>
<msg timestamp="20200407 07:22:31.309" level="INFO">Typing text 'stark' into text field 'css:input[name=username]'.</msg>
<status status="PASS" starttime="20200407 07:22:31.308" endtime="20200407 07:22:31.673"></status>
</kw>
<kw name="Input Text" library="SeleniumLibrary">
<doc>Types the given ``text`` into the text field identified by ``locator``.</doc>
<arguments>
<arg>css:input[name=password]</arg>
<arg>${pass}</arg>
</arguments>
<msg timestamp="20200407 07:22:31.674" level="INFO">Typing text 'jarvis!' into text field 'css:input[name=password]'.</msg>
<status status="PASS" starttime="20200407 07:22:31.673" endtime="20200407 07:22:31.902"></status>
</kw>
<kw name="Click Element" library="SeleniumLibrary">
<doc>Click the element identified by ``locator``.</doc>
<arguments>
<arg>class:btn-login</arg>
</arguments>
<msg timestamp="20200407 07:22:31.904" level="INFO">Clicking element 'class:btn-login'.</msg>
<status status="PASS" starttime="20200407 07:22:31.903" endtime="20200407 07:22:32.608"></status>
</kw>
<status status="PASS" starttime="20200407 07:22:31.307" endtime="20200407 07:22:32.609"></status>
</kw>
<kw name="Should See Logger User">
<arguments>
<arg>Tony Stark</arg>
</arguments>
<kw name="Page Should Contain" library="SeleniumLibrary">
<doc>Verifies that current page contains ``text``.</doc>
<arguments>
<arg>Olá, ${full_name}. Você acessou a área logada!</arg>
</arguments>
<msg timestamp="20200407 07:22:32.663" level="INFO">Current page contains text 'Olá, Tony Stark. Você acessou a área logada!'.</msg>
<status status="PASS" starttime="20200407 07:22:32.610" endtime="20200407 07:22:32.663"></status>
</kw>
<status status="PASS" starttime="20200407 07:22:32.610" endtime="20200407 07:22:32.665"></status>
</kw>
<kw name="Encerra sessão" library="base" type="teardown">
<kw name="Capture Page Screenshot" library="SeleniumLibrary">
<doc>Takes a screenshot of the current page and embeds it into a log file.</doc>
<msg timestamp="20200407 07:22:33.165" level="INFO" html="yes">&lt;/td&gt;&lt;/tr&gt;&lt;tr&gt;&lt;td colspan="3"&gt;&lt;a href="selenium-screenshot-24.png"&gt;&lt;img src="selenium-screenshot-24.png" width="800px"&gt;&lt;/a&gt;</msg>
<status status="PASS" starttime="20200407 07:22:32.667" endtime="20200407 07:22:33.166"></status>
</kw>
<kw name="Close Browser" library="SeleniumLibrary">
<doc>Closes the current browser.</doc>
<status status="PASS" starttime="20200407 07:22:33.167" endtime="20200407 07:22:36.227"></status>
</kw>
<status status="PASS" starttime="20200407 07:22:32.666" endtime="20200407 07:22:36.227"></status>
</kw>
<status status="PASS" starttime="20200407 07:22:22.731" endtime="20200407 07:22:36.228" critical="yes"></status>
</test>
<test id="s1-t2" name="Senha inválida">
<kw name="Nova sessão" library="base" type="setup">
<kw name="Open Browser" library="SeleniumLibrary">
<doc>Opens a new browser instance to the optional ``url``.</doc>
<arguments>
<arg>${url}</arg>
<arg>chrome</arg>
</arguments>
<msg timestamp="20200407 07:22:36.235" level="INFO">Opening browser 'chrome' to base url 'https://training-wheels-protocol.herokuapp.com/'.</msg>
<status status="PASS" starttime="20200407 07:22:36.235" endtime="20200407 07:22:43.822"></status>
</kw>
<status status="PASS" starttime="20200407 07:22:36.234" endtime="20200407 07:22:43.823"></status>
</kw>
<kw name="Go To" library="SeleniumLibrary">
<doc>Navigates the current browser window to the provided ``url``.</doc>
<arguments>
<arg>${url}/login</arg>
</arguments>
<msg timestamp="20200407 07:22:43.829" level="INFO">Opening url 'https://training-wheels-protocol.herokuapp.com//login'</msg>
<status status="PASS" starttime="20200407 07:22:43.828" endtime="20200407 07:22:44.502"></status>
</kw>
<kw name="Login With">
<arguments>
<arg>stark</arg>
<arg>abc123</arg>
</arguments>
<kw name="Input Text" library="SeleniumLibrary">
<doc>Types the given ``text`` into the text field identified by ``locator``.</doc>
<arguments>
<arg>css:input[name=username]</arg>
<arg>${uname}</arg>
</arguments>
<msg timestamp="20200407 07:22:44.504" level="INFO">Typing text 'stark' into text field 'css:input[name=username]'.</msg>
<status status="PASS" starttime="20200407 07:22:44.503" endtime="20200407 07:22:44.730"></status>
</kw>
<kw name="Input Text" library="SeleniumLibrary">
<doc>Types the given ``text`` into the text field identified by ``locator``.</doc>
<arguments>
<arg>css:input[name=password]</arg>
<arg>${pass}</arg>
</arguments>
<msg timestamp="20200407 07:22:44.731" level="INFO">Typing text 'abc123' into text field 'css:input[name=password]'.</msg>
<status status="PASS" starttime="20200407 07:22:44.730" endtime="20200407 07:22:44.942"></status>
</kw>
<kw name="Click Element" library="SeleniumLibrary">
<doc>Click the element identified by ``locator``.</doc>
<arguments>
<arg>class:btn-login</arg>
</arguments>
<msg timestamp="20200407 07:22:44.943" level="INFO">Clicking element 'class:btn-login'.</msg>
<status status="PASS" starttime="20200407 07:22:44.942" endtime="20200407 07:22:45.673"></status>
</kw>
<status status="PASS" starttime="20200407 07:22:44.502" endtime="20200407 07:22:45.674"></status>
</kw>
<kw name="Should Contain Login Alert">
<arguments>
<arg>Senha é invalida!</arg>
</arguments>
<kw name="Get WebElement" library="SeleniumLibrary">
<doc>Returns the first WebElement matching the given ``locator``.</doc>
<arguments>
<arg>id:flash</arg>
</arguments>
<assign>
<var>${messenger}</var>
</assign>
<msg timestamp="20200407 07:22:45.706" level="INFO">${messenger} = &lt;selenium.webdriver.remote.webelement.WebElement (session="16cfdd855346ec1781b5ab2a98553cdc", element="c8d66805-10da-484c-8c3d-7844b1713cb0")&gt;</msg>
<status status="PASS" starttime="20200407 07:22:45.676" endtime="20200407 07:22:45.706"></status>
</kw>
<kw name="Should Contain" library="BuiltIn">
<doc>Fails if ``container`` does not contain ``item`` one or more times.</doc>
<arguments>
<arg>${messenger.text}</arg>
<arg>${expect_messenger}</arg>
</arguments>
<status status="PASS" starttime="20200407 07:22:45.707" endtime="20200407 07:22:45.751"></status>
</kw>
<status status="PASS" starttime="20200407 07:22:45.675" endtime="20200407 07:22:45.751"></status>
</kw>
<kw name="Encerra sessão" library="base" type="teardown">
<kw name="Capture Page Screenshot" library="SeleniumLibrary">
<doc>Takes a screenshot of the current page and embeds it into a log file.</doc>
<msg timestamp="20200407 07:22:46.194" level="INFO" html="yes">&lt;/td&gt;&lt;/tr&gt;&lt;tr&gt;&lt;td colspan="3"&gt;&lt;a href="selenium-screenshot-25.png"&gt;&lt;img src="selenium-screenshot-25.png" width="800px"&gt;&lt;/a&gt;</msg>
<status status="PASS" starttime="20200407 07:22:45.757" endtime="20200407 07:22:46.194"></status>
</kw>
<kw name="Close Browser" library="SeleniumLibrary">
<doc>Closes the current browser.</doc>
<status status="PASS" starttime="20200407 07:22:46.195" endtime="20200407 07:22:48.606"></status>
</kw>
<status status="PASS" starttime="20200407 07:22:45.756" endtime="20200407 07:22:48.606"></status>
</kw>
<tags>
<tag>login_error</tag>
</tags>
<status status="PASS" starttime="20200407 07:22:36.233" endtime="20200407 07:22:48.607" critical="yes"></status>
</test>
<test id="s1-t3" name="Usuário não existe">
<kw name="Nova sessão" library="base" type="setup">
<kw name="Open Browser" library="SeleniumLibrary">
<doc>Opens a new browser instance to the optional ``url``.</doc>
<arguments>
<arg>${url}</arg>
<arg>chrome</arg>
</arguments>
<msg timestamp="20200407 07:22:48.612" level="INFO">Opening browser 'chrome' to base url 'https://training-wheels-protocol.herokuapp.com/'.</msg>
<status status="PASS" starttime="20200407 07:22:48.612" endtime="20200407 07:22:56.102"></status>
</kw>
<status status="PASS" starttime="20200407 07:22:48.611" endtime="20200407 07:22:56.104"></status>
</kw>
<kw name="Go To" library="SeleniumLibrary">
<doc>Navigates the current browser window to the provided ``url``.</doc>
<arguments>
<arg>${url}/login</arg>
</arguments>
<msg timestamp="20200407 07:22:56.105" level="INFO">Opening url 'https://training-wheels-protocol.herokuapp.com//login'</msg>
<status status="PASS" starttime="20200407 07:22:56.105" endtime="20200407 07:22:56.654"></status>
</kw>
<kw name="Login With">
<arguments>
<arg>well</arg>
<arg>123456</arg>
</arguments>
<kw name="Input Text" library="SeleniumLibrary">
<doc>Types the given ``text`` into the text field identified by ``locator``.</doc>
<arguments>
<arg>css:input[name=username]</arg>
<arg>${uname}</arg>
</arguments>
<msg timestamp="20200407 07:22:56.656" level="INFO">Typing text 'well' into text field 'css:input[name=username]'.</msg>
<status status="PASS" starttime="20200407 07:22:56.656" endtime="20200407 07:22:56.878"></status>
</kw>
<kw name="Input Text" library="SeleniumLibrary">
<doc>Types the given ``text`` into the text field identified by ``locator``.</doc>
<arguments>
<arg>css:input[name=password]</arg>
<arg>${pass}</arg>
</arguments>
<msg timestamp="20200407 07:22:56.879" level="INFO">Typing text '123456' into text field 'css:input[name=password]'.</msg>
<status status="PASS" starttime="20200407 07:22:56.878" endtime="20200407 07:22:57.083"></status>
</kw>
<kw name="Click Element" library="SeleniumLibrary">
<doc>Click the element identified by ``locator``.</doc>
<arguments>
<arg>class:btn-login</arg>
</arguments>
<msg timestamp="20200407 07:22:57.088" level="INFO">Clicking element 'class:btn-login'.</msg>
<status status="PASS" starttime="20200407 07:22:57.087" endtime="20200407 07:22:57.683"></status>
</kw>
<status status="PASS" starttime="20200407 07:22:56.655" endtime="20200407 07:22:57.684"></status>
</kw>
<kw name="Should Contain Login Alert">
<arguments>
<arg>O usuário informado não está cadastrado!</arg>
</arguments>
<kw name="Get WebElement" library="SeleniumLibrary">
<doc>Returns the first WebElement matching the given ``locator``.</doc>
<arguments>
<arg>id:flash</arg>
</arguments>
<assign>
<var>${messenger}</var>
</assign>
<msg timestamp="20200407 07:22:57.724" level="INFO">${messenger} = &lt;selenium.webdriver.remote.webelement.WebElement (session="f92372ba0b788dea0f03b71e113027fc", element="665b4aab-17cd-487c-8885-4cdb8dceabc4")&gt;</msg>
<status status="PASS" starttime="20200407 07:22:57.688" endtime="20200407 07:22:57.724"></status>
</kw>
<kw name="Should Contain" library="BuiltIn">
<doc>Fails if ``container`` does not contain ``item`` one or more times.</doc>
<arguments>
<arg>${messenger.text}</arg>
<arg>${expect_messenger}</arg>
</arguments>
<status status="PASS" starttime="20200407 07:22:57.724" endtime="20200407 07:22:57.764"></status>
</kw>
<status status="PASS" starttime="20200407 07:22:57.687" endtime="20200407 07:22:57.764"></status>
</kw>
<kw name="Encerra sessão" library="base" type="teardown">
<kw name="Capture Page Screenshot" library="SeleniumLibrary">
<doc>Takes a screenshot of the current page and embeds it into a log file.</doc>
<msg timestamp="20200407 07:22:58.182" level="INFO" html="yes">&lt;/td&gt;&lt;/tr&gt;&lt;tr&gt;&lt;td colspan="3"&gt;&lt;a href="selenium-screenshot-26.png"&gt;&lt;img src="selenium-screenshot-26.png" width="800px"&gt;&lt;/a&gt;</msg>
<status status="PASS" starttime="20200407 07:22:57.767" endtime="20200407 07:22:58.183"></status>
</kw>
<kw name="Close Browser" library="SeleniumLibrary">
<doc>Closes the current browser.</doc>
<status status="PASS" starttime="20200407 07:22:58.184" endtime="20200407 07:23:00.526"></status>
</kw>
<status status="PASS" starttime="20200407 07:22:57.765" endtime="20200407 07:23:00.526"></status>
</kw>
<tags>
<tag>login_user404</tag>
</tags>
<status status="PASS" starttime="20200407 07:22:48.610" endtime="20200407 07:23:00.527" critical="yes"></status>
</test>
<status status="PASS" starttime="20200407 07:22:22.237" endtime="20200407 07:23:00.530"></status>
</suite>
<statistics>
<total>
<stat pass="3" fail="0">Critical Tests</stat>
<stat pass="3" fail="0">All Tests</stat>
</total>
<tag>
<stat pass="1" fail="0">login_error</stat>
<stat pass="1" fail="0">login_user404</stat>
</tag>
<suite>
<stat pass="3" fail="0" id="s1" name="Login Form">Login Form</stat>
</suite>
</statistics>
<errors>
</errors>
</robot>
